mode: set
github.com/greenplum-db/gpdb/gp/testutils/exectest/command.go:77.33,80.15 2 1
github.com/greenplum-db/gpdb/gp/testutils/exectest/command.go:84.2,84.16 1 1
github.com/greenplum-db/gpdb/gp/testutils/exectest/command.go:88.2,88.59 1 1
github.com/greenplum-db/gpdb/gp/testutils/exectest/command.go:80.15,82.77 1 1
github.com/greenplum-db/gpdb/gp/testutils/exectest/command.go:84.16,85.74 1 1
github.com/greenplum-db/gpdb/gp/testutils/exectest/command.go:88.59,98.3 3 1
github.com/greenplum-db/gpdb/gp/testutils/exectest/command.go:115.79,118.59 2 1
github.com/greenplum-db/gpdb/gp/testutils/exectest/command.go:118.59,122.3 2 1
github.com/greenplum-db/gpdb/gp/testutils/exectest/command.go:128.31,129.15 1 1
github.com/greenplum-db/gpdb/gp/testutils/exectest/command.go:134.2,134.29 1 1
github.com/greenplum-db/gpdb/gp/testutils/exectest/command.go:129.15,132.83 1 1
github.com/greenplum-db/gpdb/gp/testutils/exectest/command.go:144.28,149.43 3 1
github.com/greenplum-db/gpdb/gp/testutils/exectest/command.go:156.2,162.25 5 0
github.com/greenplum-db/gpdb/gp/testutils/exectest/command.go:169.2,174.22 3 0
github.com/greenplum-db/gpdb/gp/testutils/exectest/command.go:149.43,152.3 1 1
github.com/greenplum-db/gpdb/gp/testutils/exectest/command.go:162.25,163.72 1 0
github.com/greenplum-db/gpdb/gp/testutils/exectest/command.go:164.8,164.28 1 0
github.com/greenplum-db/gpdb/gp/testutils/exectest/command.go:164.28,165.77 1 0
github.com/greenplum-db/gpdb/gp/testutils/exectest/command.go:177.39,183.33 2 1
github.com/greenplum-db/gpdb/gp/testutils/exectest/command.go:189.2,189.11 1 1
github.com/greenplum-db/gpdb/gp/testutils/exectest/command.go:183.33,185.19 2 1
github.com/greenplum-db/gpdb/gp/testutils/exectest/command.go:185.19,187.4 1 1
github.com/greenplum-db/gpdb/gp/testutils/exectest/mains.go:12.17,12.18 0 0
github.com/greenplum-db/gpdb/gp/testutils/exectest/mains.go:15.16,15.30 1 0
github.com/greenplum-db/gpdb/gp/testutils/exectest/mains.go:17.13,22.2 1 1
github.com/greenplum-db/gpdb/gp/agent/server.go:34.31,38.2 1 1
github.com/greenplum-db/gpdb/gp/agent/server.go:40.99,43.2 2 0
github.com/greenplum-db/gpdb/gp/agent/server.go:45.32,47.16 2 1
github.com/greenplum-db/gpdb/gp/agent/server.go:51.2,51.145 1 1
github.com/greenplum-db/gpdb/gp/agent/server.go:56.2,57.16 2 1
github.com/greenplum-db/gpdb/gp/agent/server.go:62.2,76.16 9 1
github.com/greenplum-db/gpdb/gp/agent/server.go:80.2,80.12 1 1
github.com/greenplum-db/gpdb/gp/agent/server.go:47.16,49.3 1 1
github.com/greenplum-db/gpdb/gp/agent/server.go:51.145,54.3 1 0
github.com/greenplum-db/gpdb/gp/agent/server.go:57.16,60.3 2 1
github.com/greenplum-db/gpdb/gp/agent/server.go:76.16,78.3 1 0
github.com/greenplum-db/gpdb/gp/agent/server.go:83.29,87.25 3 1
github.com/greenplum-db/gpdb/gp/agent/server.go:87.25,89.3 1 1
github.com/greenplum-db/gpdb/gp/agent/server.go:92.105,94.16 2 0
github.com/greenplum-db/gpdb/gp/agent/server.go:98.2,98.106 1 0
github.com/greenplum-db/gpdb/gp/agent/server.go:94.16,96.3 1 0
github.com/greenplum-db/gpdb/gp/agent/server.go:101.58,103.16 2 1
github.com/greenplum-db/gpdb/gp/agent/server.go:107.2,109.21 2 1
github.com/greenplum-db/gpdb/gp/agent/server.go:103.16,105.3 1 1
github.com/greenplum-db/gpdb/gp/agent/server.go:112.36,114.2 1 1
github.com/greenplum-db/gpdb/gp/agent/server.go:116.22,118.2 1 1
github.com/greenplum-db/gpdb/gp/utils/platform.go:39.47,40.12 1 1
github.com/greenplum-db/gpdb/gp/utils/platform.go:41.16,48.9 1 1
github.com/greenplum-db/gpdb/gp/utils/platform.go:50.15,57.9 1 1
github.com/greenplum-db/gpdb/gp/utils/platform.go:59.10,60.43 1 0
github.com/greenplum-db/gpdb/gp/utils/platform.go:80.29,83.21 2 0
github.com/greenplum-db/gpdb/gp/utils/platform.go:91.2,91.17 1 0
github.com/greenplum-db/gpdb/gp/utils/platform.go:83.21,85.17 2 0
github.com/greenplum-db/gpdb/gp/utils/platform.go:85.17,88.4 2 0
github.com/greenplum-db/gpdb/gp/utils/platform.go:94.98,96.33 2 1
github.com/greenplum-db/gpdb/gp/utils/platform.go:101.2,104.16 4 1
github.com/greenplum-db/gpdb/gp/utils/platform.go:108.2,109.12 2 1
github.com/greenplum-db/gpdb/gp/utils/platform.go:96.33,98.3 1 1
github.com/greenplum-db/gpdb/gp/utils/platform.go:104.16,106.3 1 1
github.com/greenplum-db/gpdb/gp/utils/platform.go:112.63,114.16 2 1
github.com/greenplum-db/gpdb/gp/utils/platform.go:117.2,120.16 3 1
github.com/greenplum-db/gpdb/gp/utils/platform.go:124.2,124.12 1 1
github.com/greenplum-db/gpdb/gp/utils/platform.go:114.16,116.3 1 1
github.com/greenplum-db/gpdb/gp/utils/platform.go:120.16,122.3 1 0
github.com/greenplum-db/gpdb/gp/utils/platform.go:127.107,128.22 1 1
github.com/greenplum-db/gpdb/gp/utils/platform.go:132.2,132.71 1 1
github.com/greenplum-db/gpdb/gp/utils/platform.go:128.22,130.3 1 1
github.com/greenplum-db/gpdb/gp/utils/platform.go:135.98,162.2 2 1
github.com/greenplum-db/gpdb/gp/utils/platform.go:164.97,179.2 2 1
github.com/greenplum-db/gpdb/gp/utils/platform.go:181.51,182.22 1 1
github.com/greenplum-db/gpdb/gp/utils/platform.go:186.2,186.40 1 1
github.com/greenplum-db/gpdb/gp/utils/platform.go:182.22,184.3 1 1
github.com/greenplum-db/gpdb/gp/utils/platform.go:189.112,193.16 4 1
github.com/greenplum-db/gpdb/gp/utils/platform.go:197.2,198.16 2 1
github.com/greenplum-db/gpdb/gp/utils/platform.go:202.2,203.12 2 1
github.com/greenplum-db/gpdb/gp/utils/platform.go:193.16,195.3 1 1
github.com/greenplum-db/gpdb/gp/utils/platform.go:198.16,200.3 1 1
github.com/greenplum-db/gpdb/gp/utils/platform.go:206.64,207.22 1 1
github.com/greenplum-db/gpdb/gp/utils/platform.go:222.2,223.16 2 1
github.com/greenplum-db/gpdb/gp/utils/platform.go:227.2,227.12 1 1
github.com/greenplum-db/gpdb/gp/utils/platform.go:207.22,210.17 2 1
github.com/greenplum-db/gpdb/gp/utils/platform.go:214.3,215.17 2 1
github.com/greenplum-db/gpdb/gp/utils/platform.go:219.3,219.13 1 1
github.com/greenplum-db/gpdb/gp/utils/platform.go:210.17,212.4 1 1
github.com/greenplum-db/gpdb/gp/utils/platform.go:215.17,217.4 1 1
github.com/greenplum-db/gpdb/gp/utils/platform.go:223.16,225.3 1 1
github.com/greenplum-db/gpdb/gp/utils/platform.go:230.100,233.22 2 1
github.com/greenplum-db/gpdb/gp/utils/platform.go:248.2,249.16 2 1
github.com/greenplum-db/gpdb/gp/utils/platform.go:253.2,253.12 1 1
github.com/greenplum-db/gpdb/gp/utils/platform.go:233.22,236.17 2 1
github.com/greenplum-db/gpdb/gp/utils/platform.go:240.3,241.17 2 1
github.com/greenplum-db/gpdb/gp/utils/platform.go:245.3,245.13 1 1
github.com/greenplum-db/gpdb/gp/utils/platform.go:236.17,238.4 1 1
github.com/greenplum-db/gpdb/gp/utils/platform.go:241.17,243.4 1 1
github.com/greenplum-db/gpdb/gp/utils/platform.go:249.16,251.3 1 1
github.com/greenplum-db/gpdb/gp/utils/platform.go:256.134,260.16 4 1
github.com/greenplum-db/gpdb/gp/utils/platform.go:263.2,267.33 4 1
github.com/greenplum-db/gpdb/gp/utils/platform.go:272.2,274.16 3 1
github.com/greenplum-db/gpdb/gp/utils/platform.go:278.2,279.16 2 1
github.com/greenplum-db/gpdb/gp/utils/platform.go:283.2,284.12 2 1
github.com/greenplum-db/gpdb/gp/utils/platform.go:260.16,262.3 1 1
github.com/greenplum-db/gpdb/gp/utils/platform.go:267.33,269.3 1 1
github.com/greenplum-db/gpdb/gp/utils/platform.go:274.16,276.3 1 1
github.com/greenplum-db/gpdb/gp/utils/platform.go:279.16,281.3 1 1
github.com/greenplum-db/gpdb/gp/utils/platform.go:287.70,290.22 2 1
github.com/greenplum-db/gpdb/gp/utils/platform.go:294.2,294.44 1 1
github.com/greenplum-db/gpdb/gp/utils/platform.go:290.22,292.3 1 1
github.com/greenplum-db/gpdb/gp/utils/platform.go:297.77,299.2 1 1
github.com/greenplum-db/gpdb/gp/utils/platform.go:301.81,304.22 2 1
github.com/greenplum-db/gpdb/gp/utils/platform.go:308.2,309.16 2 1
github.com/greenplum-db/gpdb/gp/utils/platform.go:315.2,315.28 1 1
github.com/greenplum-db/gpdb/gp/utils/platform.go:304.22,306.3 1 1
github.com/greenplum-db/gpdb/gp/utils/platform.go:309.16,310.37 1 1
github.com/greenplum-db/gpdb/gp/utils/platform.go:310.37,312.4 1 1
github.com/greenplum-db/gpdb/gp/utils/platform.go:338.81,343.29 4 1
github.com/greenplum-db/gpdb/gp/utils/platform.go:360.2,360.13 1 1
github.com/greenplum-db/gpdb/gp/utils/platform.go:366.2,366.76 1 1
github.com/greenplum-db/gpdb/gp/utils/platform.go:343.29,345.10 2 1
github.com/greenplum-db/gpdb/gp/utils/platform.go:346.45,348.37 2 1
github.com/greenplum-db/gpdb/gp/utils/platform.go:350.48,352.37 2 1
github.com/greenplum-db/gpdb/gp/utils/platform.go:354.59,356.22 2 1
github.com/greenplum-db/gpdb/gp/utils/platform.go:360.13,362.3 1 1
github.com/greenplum-db/gpdb/gp/utils/platform.go:362.8,364.3 1 1
github.com/greenplum-db/gpdb/gp/utils/platform.go:369.129,373.17 3 1
github.com/greenplum-db/gpdb/gp/utils/platform.go:377.2,377.29 1 1
github.com/greenplum-db/gpdb/gp/utils/platform.go:380.2,380.11 1 1
github.com/greenplum-db/gpdb/gp/utils/platform.go:373.17,375.3 1 1
github.com/greenplum-db/gpdb/gp/utils/platform.go:377.29,379.3 1 1
github.com/greenplum-db/gpdb/gp/utils/platform.go:385.102,386.21 1 1
github.com/greenplum-db/gpdb/gp/utils/platform.go:390.2,391.33 2 1
github.com/greenplum-db/gpdb/gp/utils/platform.go:395.2,397.16 3 1
github.com/greenplum-db/gpdb/gp/utils/platform.go:401.2,401.12 1 1
github.com/greenplum-db/gpdb/gp/utils/platform.go:386.21,388.3 1 1
github.com/greenplum-db/gpdb/gp/utils/platform.go:391.33,393.3 1 1
github.com/greenplum-db/gpdb/gp/utils/platform.go:397.16,399.3 1 1
github.com/greenplum-db/gpdb/gp/utils/platform.go:404.47,406.2 1 1
github.com/greenplum-db/gpdb/gp/utils/platform.go:408.25,410.2 1 1
github.com/greenplum-db/gpdb/gp/utils/platform.go:412.86,414.2 1 1
github.com/greenplum-db/gpdb/gp/utils/platform.go:416.34,418.2 1 1
github.com/greenplum-db/gpdb/gp/utils/ssl.go:24.90,26.16 2 1
github.com/greenplum-db/gpdb/gp/utils/ssl.go:30.2,34.40 2 1
github.com/greenplum-db/gpdb/gp/utils/ssl.go:26.16,28.3 1 1
github.com/greenplum-db/gpdb/gp/utils/ssl.go:38.90,40.16 2 1
github.com/greenplum-db/gpdb/gp/utils/ssl.go:43.2,44.42 2 1
github.com/greenplum-db/gpdb/gp/utils/ssl.go:48.2,49.16 2 1
github.com/greenplum-db/gpdb/gp/utils/ssl.go:53.2,58.40 2 1
github.com/greenplum-db/gpdb/gp/utils/ssl.go:40.16,42.3 1 0
github.com/greenplum-db/gpdb/gp/utils/ssl.go:44.42,46.3 1 1
github.com/greenplum-db/gpdb/gp/utils/ssl.go:49.16,51.3 1 0
github.com/greenplum-db/gpdb/gp/hub/server.go:66.51,73.2 2 1
github.com/greenplum-db/gpdb/gp/hub/server.go:75.32,80.16 4 1
github.com/greenplum-db/gpdb/gp/hub/server.go:84.2,84.145 1 1
github.com/greenplum-db/gpdb/gp/hub/server.go:89.2,90.16 2 1
github.com/greenplum-db/gpdb/gp/hub/server.go:93.2,108.12 10 1
github.com/greenplum-db/gpdb/gp/hub/server.go:117.2,118.16 2 1
github.com/greenplum-db/gpdb/gp/hub/server.go:121.2,122.12 2 1
github.com/greenplum-db/gpdb/gp/hub/server.go:80.16,82.3 1 0
github.com/greenplum-db/gpdb/gp/hub/server.go:84.145,87.3 1 0
github.com/greenplum-db/gpdb/gp/hub/server.go:90.16,92.3 1 1
github.com/greenplum-db/gpdb/gp/hub/server.go:108.12,115.3 6 1
github.com/greenplum-db/gpdb/gp/hub/server.go:118.16,120.3 1 0
github.com/greenplum-db/gpdb/gp/hub/server.go:125.95,128.2 2 0
github.com/greenplum-db/gpdb/gp/hub/server.go:130.29,134.25 3 1
github.com/greenplum-db/gpdb/gp/hub/server.go:134.25,136.3 1 1
github.com/greenplum-db/gpdb/gp/hub/server.go:139.110,141.16 2 1
github.com/greenplum-db/gpdb/gp/hub/server.go:144.2,145.16 2 1
github.com/greenplum-db/gpdb/gp/hub/server.go:149.2,149.37 1 1
github.com/greenplum-db/gpdb/gp/hub/server.go:141.16,143.3 1 0
github.com/greenplum-db/gpdb/gp/hub/server.go:145.16,147.3 1 0
github.com/greenplum-db/gpdb/gp/hub/server.go:152.41,154.35 2 1
github.com/greenplum-db/gpdb/gp/hub/server.go:157.2,162.16 6 1
github.com/greenplum-db/gpdb/gp/hub/server.go:167.2,167.102 1 1
github.com/greenplum-db/gpdb/gp/hub/server.go:171.2,171.12 1 1
github.com/greenplum-db/gpdb/gp/hub/server.go:154.35,156.3 1 1
github.com/greenplum-db/gpdb/gp/hub/server.go:162.16,164.3 1 0
github.com/greenplum-db/gpdb/gp/hub/server.go:167.102,169.3 1 0
github.com/greenplum-db/gpdb/gp/hub/server.go:174.40,178.20 3 1
github.com/greenplum-db/gpdb/gp/hub/server.go:187.2,187.35 1 1
github.com/greenplum-db/gpdb/gp/hub/server.go:218.2,219.16 2 1
github.com/greenplum-db/gpdb/gp/hub/server.go:223.2,223.12 1 1
github.com/greenplum-db/gpdb/gp/hub/server.go:178.20,180.17 2 1
github.com/greenplum-db/gpdb/gp/hub/server.go:184.3,184.13 1 1
github.com/greenplum-db/gpdb/gp/hub/server.go:180.17,182.4 1 1
github.com/greenplum-db/gpdb/gp/hub/server.go:187.35,191.17 3 1
github.com/greenplum-db/gpdb/gp/hub/server.go:196.3,202.26 3 1
github.com/greenplum-db/gpdb/gp/hub/server.go:205.3,206.17 2 1
github.com/greenplum-db/gpdb/gp/hub/server.go:210.3,215.5 1 1
github.com/greenplum-db/gpdb/gp/hub/server.go:191.17,194.4 2 0
github.com/greenplum-db/gpdb/gp/hub/server.go:202.26,204.4 1 1
github.com/greenplum-db/gpdb/gp/hub/server.go:206.17,209.4 2 1
github.com/greenplum-db/gpdb/gp/hub/server.go:219.16,221.3 1 0
github.com/greenplum-db/gpdb/gp/hub/server.go:226.107,227.42 1 1
github.com/greenplum-db/gpdb/gp/hub/server.go:241.2,242.16 2 1
github.com/greenplum-db/gpdb/gp/hub/server.go:246.2,249.36 3 1
github.com/greenplum-db/gpdb/gp/hub/server.go:227.42,229.17 2 1
github.com/greenplum-db/gpdb/gp/hub/server.go:233.3,234.44 2 1
github.com/greenplum-db/gpdb/gp/hub/server.go:238.3,238.13 1 1
github.com/greenplum-db/gpdb/gp/hub/server.go:229.17,231.4 1 0
github.com/greenplum-db/gpdb/gp/hub/server.go:234.44,236.4 1 1
github.com/greenplum-db/gpdb/gp/hub/server.go:242.16,244.3 1 0
github.com/greenplum-db/gpdb/gp/hub/server.go:252.113,255.42 2 1
github.com/greenplum-db/gpdb/gp/hub/server.go:271.2,272.16 2 1
github.com/greenplum-db/gpdb/gp/hub/server.go:275.2,276.16 2 1
github.com/greenplum-db/gpdb/gp/hub/server.go:279.2,282.33 3 1
github.com/greenplum-db/gpdb/gp/hub/server.go:286.2,286.56 1 1
github.com/greenplum-db/gpdb/gp/hub/server.go:255.42,257.17 2 1
github.com/greenplum-db/gpdb/gp/hub/server.go:260.3,268.13 3 1
github.com/greenplum-db/gpdb/gp/hub/server.go:257.17,259.4 1 1
github.com/greenplum-db/gpdb/gp/hub/server.go:272.16,274.3 1 0
github.com/greenplum-db/gpdb/gp/hub/server.go:276.16,278.3 1 1
github.com/greenplum-db/gpdb/gp/hub/server.go:282.33,284.3 1 1
github.com/greenplum-db/gpdb/gp/hub/server.go:289.59,291.29 2 1
github.com/greenplum-db/gpdb/gp/hub/server.go:297.2,297.24 1 1
github.com/greenplum-db/gpdb/gp/hub/server.go:301.2,301.12 1 1
github.com/greenplum-db/gpdb/gp/hub/server.go:291.29,292.49 1 1
github.com/greenplum-db/gpdb/gp/hub/server.go:292.49,294.4 1 1
github.com/greenplum-db/gpdb/gp/hub/server.go:297.24,299.3 1 1
github.com/greenplum-db/gpdb/gp/hub/server.go:304.94,308.34 3 1
github.com/greenplum-db/gpdb/gp/hub/server.go:318.2,322.22 4 1
github.com/greenplum-db/gpdb/gp/hub/server.go:327.2,327.12 1 1
github.com/greenplum-db/gpdb/gp/hub/server.go:308.34,311.13 3 1
github.com/greenplum-db/gpdb/gp/hub/server.go:311.13,315.4 3 1
github.com/greenplum-db/gpdb/gp/hub/server.go:322.22,324.8 2 1
github.com/greenplum-db/gpdb/gp/hub/server.go:330.55,334.16 3 1
github.com/greenplum-db/gpdb/gp/hub/server.go:337.2,338.16 2 1
github.com/greenplum-db/gpdb/gp/hub/server.go:342.2,342.12 1 1
github.com/greenplum-db/gpdb/gp/hub/server.go:334.16,336.3 1 1
github.com/greenplum-db/gpdb/gp/hub/server.go:338.16,340.3 1 1
github.com/greenplum-db/gpdb/gp/hub/server.go:345.56,348.16 2 1
github.com/greenplum-db/gpdb/gp/hub/server.go:351.2,353.16 3 1
github.com/greenplum-db/gpdb/gp/hub/server.go:357.2,358.16 2 1
github.com/greenplum-db/gpdb/gp/hub/server.go:361.2,364.16 3 1
github.com/greenplum-db/gpdb/gp/hub/server.go:368.2,368.12 1 1
github.com/greenplum-db/gpdb/gp/hub/server.go:348.16,350.3 1 1
github.com/greenplum-db/gpdb/gp/hub/server.go:353.16,355.3 1 0
github.com/greenplum-db/gpdb/gp/hub/server.go:358.16,360.3 1 0
github.com/greenplum-db/gpdb/gp/hub/server.go:364.16,366.3 1 1
github.com/greenplum-db/gpdb/gp/hub/server.go:371.72,374.38 2 1
github.com/greenplum-db/gpdb/gp/hub/server.go:377.2,378.23 2 1
github.com/greenplum-db/gpdb/gp/hub/server.go:382.2,385.16 4 1
github.com/greenplum-db/gpdb/gp/hub/server.go:389.2,389.12 1 1
github.com/greenplum-db/gpdb/gp/hub/server.go:374.38,376.3 1 1
github.com/greenplum-db/gpdb/gp/hub/server.go:378.23,380.3 1 1
github.com/greenplum-db/gpdb/gp/hub/server.go:385.16,387.3 1 0
github.com/greenplum-db/gpdb/gp/hub/server.go:393.79,395.2 1 1
github.com/greenplum-db/gpdb/gp/hub/server.go:397.39,399.2 1 1
github.com/greenplum-db/gpdb/gp/hub/server.go:401.47,403.2 1 1
github.com/greenplum-db/gpdb/gp/hub/server.go:405.25,407.2 1 1
github.com/greenplum-db/gpdb/gp/cli/agent.go:10.32,21.2 2 0
github.com/greenplum-db/gpdb/gp/cli/agent.go:23.62,27.16 4 0
github.com/greenplum-db/gpdb/gp/cli/agent.go:30.2,30.12 1 0
github.com/greenplum-db/gpdb/gp/cli/agent.go:27.16,29.3 1 0
github.com/greenplum-db/gpdb/gp/cli/commands.go:32.35,48.2 10 0
github.com/greenplum-db/gpdb/gp/cli/commands.go:52.65,56.16 3 0
github.com/greenplum-db/gpdb/gp/cli/commands.go:59.2,62.12 3 0
github.com/greenplum-db/gpdb/gp/cli/commands.go:56.16,58.3 1 0
github.com/greenplum-db/gpdb/gp/cli/commands.go:65.57,69.70 2 0
github.com/greenplum-db/gpdb/gp/cli/commands.go:73.2,77.51 4 0
github.com/greenplum-db/gpdb/gp/cli/commands.go:80.2,80.13 1 0
github.com/greenplum-db/gpdb/gp/cli/commands.go:69.70,72.3 1 0
github.com/greenplum-db/gpdb/gp/cli/commands.go:77.51,79.3 1 0
github.com/greenplum-db/gpdb/gp/cli/commands.go:80.13,82.3 1 0
github.com/greenplum-db/gpdb/gp/cli/commands.go:85.62,92.16 5 1
github.com/greenplum-db/gpdb/gp/cli/commands.go:96.2,103.16 3 1
github.com/greenplum-db/gpdb/gp/cli/commands.go:107.2,107.36 1 1
github.com/greenplum-db/gpdb/gp/cli/commands.go:92.16,94.3 1 1
github.com/greenplum-db/gpdb/gp/cli/commands.go:103.16,105.3 1 1
github.com/greenplum-db/gpdb/gp/cli/hub.go:35.30,46.2 2 0
github.com/greenplum-db/gpdb/gp/cli/hub.go:48.60,51.16 3 0
github.com/greenplum-db/gpdb/gp/cli/hub.go:55.2,55.12 1 0
github.com/greenplum-db/gpdb/gp/cli/hub.go:51.16,53.3 1 0
github.com/greenplum-db/gpdb/gp/cli/hub.go:58.36,83.2 16 0
github.com/greenplum-db/gpdb/gp/cli/hub.go:84.66,85.18 1 0
github.com/greenplum-db/gpdb/gp/cli/hub.go:90.2,90.88 1 0
github.com/greenplum-db/gpdb/gp/cli/hub.go:94.2,94.94 1 0
github.com/greenplum-db/gpdb/gp/cli/hub.go:98.2,98.84 1 0
github.com/greenplum-db/gpdb/gp/cli/hub.go:103.2,104.16 2 0
github.com/greenplum-db/gpdb/gp/cli/hub.go:108.2,108.44 1 0
github.com/greenplum-db/gpdb/gp/cli/hub.go:114.2,114.24 1 0
github.com/greenplum-db/gpdb/gp/cli/hub.go:117.2,117.33 1 0
github.com/greenplum-db/gpdb/gp/cli/hub.go:122.2,137.16 3 0
github.com/greenplum-db/gpdb/gp/cli/hub.go:141.2,142.16 2 0
github.com/greenplum-db/gpdb/gp/cli/hub.go:146.2,147.16 2 0
github.com/greenplum-db/gpdb/gp/cli/hub.go:151.2,152.16 2 0
github.com/greenplum-db/gpdb/gp/cli/hub.go:156.2,157.16 2 0
github.com/greenplum-db/gpdb/gp/cli/hub.go:161.2,161.12 1 0
github.com/greenplum-db/gpdb/gp/cli/hub.go:85.18,87.3 1 0
github.com/greenplum-db/gpdb/gp/cli/hub.go:90.88,92.3 1 0
github.com/greenplum-db/gpdb/gp/cli/hub.go:94.94,96.3 1 0
github.com/greenplum-db/gpdb/gp/cli/hub.go:98.84,100.3 1 0
github.com/greenplum-db/gpdb/gp/cli/hub.go:104.16,106.3 1 0
github.com/greenplum-db/gpdb/gp/cli/hub.go:108.44,110.17 2 0
github.com/greenplum-db/gpdb/gp/cli/hub.go:110.17,112.4 1 0
github.com/greenplum-db/gpdb/gp/cli/hub.go:114.24,116.3 1 0
github.com/greenplum-db/gpdb/gp/cli/hub.go:117.33,118.20 1 0
github.com/greenplum-db/gpdb/gp/cli/hub.go:118.20,120.4 1 0
github.com/greenplum-db/gpdb/gp/cli/hub.go:137.16,139.3 1 0
github.com/greenplum-db/gpdb/gp/cli/hub.go:142.16,144.3 1 0
github.com/greenplum-db/gpdb/gp/cli/hub.go:147.16,149.3 1 0
github.com/greenplum-db/gpdb/gp/cli/hub.go:152.16,154.3 1 0
github.com/greenplum-db/gpdb/gp/cli/hub.go:157.16,159.3 1 0
github.com/greenplum-db/gpdb/gp/cli/hub.go:164.53,166.29 2 0
github.com/greenplum-db/gpdb/gp/cli/hub.go:174.2,174.12 1 0
github.com/greenplum-db/gpdb/gp/cli/hub.go:166.29,168.17 2 0
github.com/greenplum-db/gpdb/gp/cli/hub.go:171.3,171.12 1 0
github.com/greenplum-db/gpdb/gp/cli/hub.go:168.17,170.4 1 0
github.com/greenplum-db/gpdb/gp/cli/hub.go:177.58,179.16 2 1
github.com/greenplum-db/gpdb/gp/cli/hub.go:183.2,183.46 1 1
github.com/greenplum-db/gpdb/gp/cli/hub.go:179.16,181.3 1 1
github.com/greenplum-db/gpdb/gp/cli/start.go:14.32,25.2 5 0
github.com/greenplum-db/gpdb/gp/cli/start.go:36.35,45.2 2 0
github.com/greenplum-db/gpdb/gp/cli/start.go:47.50,49.16 2 0
github.com/greenplum-db/gpdb/gp/cli/start.go:53.2,53.12 1 0
github.com/greenplum-db/gpdb/gp/cli/start.go:49.16,51.3 1 0
github.com/greenplum-db/gpdb/gp/cli/start.go:55.61,57.16 2 1
github.com/greenplum-db/gpdb/gp/cli/start.go:60.2,61.13 2 1
github.com/greenplum-db/gpdb/gp/cli/start.go:68.2,68.12 1 1
github.com/greenplum-db/gpdb/gp/cli/start.go:57.16,59.3 1 1
github.com/greenplum-db/gpdb/gp/cli/start.go:61.13,63.17 2 1
github.com/greenplum-db/gpdb/gp/cli/start.go:63.17,65.4 1 1
github.com/greenplum-db/gpdb/gp/cli/start.go:71.38,80.2 2 0
github.com/greenplum-db/gpdb/gp/cli/start.go:82.39,91.2 2 0
github.com/greenplum-db/gpdb/gp/cli/start.go:93.63,95.16 2 1
github.com/greenplum-db/gpdb/gp/cli/start.go:98.2,99.13 2 1
github.com/greenplum-db/gpdb/gp/cli/start.go:106.2,106.12 1 1
github.com/greenplum-db/gpdb/gp/cli/start.go:95.16,97.3 1 1
github.com/greenplum-db/gpdb/gp/cli/start.go:99.13,101.17 2 0
github.com/greenplum-db/gpdb/gp/cli/start.go:101.17,103.4 1 0
github.com/greenplum-db/gpdb/gp/cli/start.go:109.69,111.16 2 1
github.com/greenplum-db/gpdb/gp/cli/start.go:115.2,116.16 2 1
github.com/greenplum-db/gpdb/gp/cli/start.go:120.2,120.20 1 1
github.com/greenplum-db/gpdb/gp/cli/start.go:111.16,113.3 1 1
github.com/greenplum-db/gpdb/gp/cli/start.go:116.16,118.3 1 1
github.com/greenplum-db/gpdb/gp/cli/start.go:123.65,126.16 2 1
github.com/greenplum-db/gpdb/gp/cli/start.go:129.2,130.16 2 1
github.com/greenplum-db/gpdb/gp/cli/start.go:133.2,137.16 3 1
github.com/greenplum-db/gpdb/gp/cli/start.go:140.2,141.13 2 1
github.com/greenplum-db/gpdb/gp/cli/start.go:148.2,148.12 1 1
github.com/greenplum-db/gpdb/gp/cli/start.go:126.16,128.3 1 1
github.com/greenplum-db/gpdb/gp/cli/start.go:130.16,132.3 1 1
github.com/greenplum-db/gpdb/gp/cli/start.go:137.16,139.3 1 1
github.com/greenplum-db/gpdb/gp/cli/start.go:141.13,143.17 2 0
github.com/greenplum-db/gpdb/gp/cli/start.go:143.17,145.4 1 0
github.com/greenplum-db/gpdb/gp/cli/start.go:151.39,155.16 4 1
github.com/greenplum-db/gpdb/gp/cli/start.go:165.2,165.14 1 1
github.com/greenplum-db/gpdb/gp/cli/start.go:169.2,169.12 1 1
github.com/greenplum-db/gpdb/gp/cli/start.go:155.16,157.17 2 1
github.com/greenplum-db/gpdb/gp/cli/start.go:162.3,163.10 2 1
github.com/greenplum-db/gpdb/gp/cli/start.go:157.17,159.9 2 1
github.com/greenplum-db/gpdb/gp/cli/start.go:165.14,167.3 1 1
github.com/greenplum-db/gpdb/gp/cli/status.go:19.33,30.2 5 0
github.com/greenplum-db/gpdb/gp/cli/status.go:32.36,41.2 2 0
github.com/greenplum-db/gpdb/gp/cli/status.go:43.60,45.16 2 1
github.com/greenplum-db/gpdb/gp/cli/status.go:49.2,49.12 1 1
github.com/greenplum-db/gpdb/gp/cli/status.go:45.16,47.3 1 1
github.com/greenplum-db/gpdb/gp/cli/status.go:52.39,61.2 2 0
github.com/greenplum-db/gpdb/gp/cli/status.go:63.41,72.2 2 0
github.com/greenplum-db/gpdb/gp/cli/status.go:74.62,76.16 2 1
github.com/greenplum-db/gpdb/gp/cli/status.go:80.2,80.12 1 1
github.com/greenplum-db/gpdb/gp/cli/status.go:76.16,78.3 1 1
github.com/greenplum-db/gpdb/gp/cli/status.go:83.71,85.16 2 1
github.com/greenplum-db/gpdb/gp/cli/status.go:88.2,91.32 4 1
github.com/greenplum-db/gpdb/gp/cli/status.go:95.2,95.18 1 1
github.com/greenplum-db/gpdb/gp/cli/status.go:85.16,87.3 1 1
github.com/greenplum-db/gpdb/gp/cli/status.go:91.32,93.3 1 0
github.com/greenplum-db/gpdb/gp/cli/status.go:98.66,100.16 2 1
github.com/greenplum-db/gpdb/gp/cli/status.go:104.2,105.16 2 1
github.com/greenplum-db/gpdb/gp/cli/status.go:108.2,110.12 2 1
github.com/greenplum-db/gpdb/gp/cli/status.go:100.16,102.3 1 1
github.com/greenplum-db/gpdb/gp/cli/status.go:105.16,107.3 1 0
github.com/greenplum-db/gpdb/gp/cli/status.go:113.64,115.16 2 1
github.com/greenplum-db/gpdb/gp/cli/status.go:119.2,119.12 1 1
github.com/greenplum-db/gpdb/gp/cli/status.go:115.16,117.3 1 1
github.com/greenplum-db/gpdb/gp/cli/status.go:122.36,125.16 2 1
github.com/greenplum-db/gpdb/gp/cli/status.go:128.2,128.17 1 1
github.com/greenplum-db/gpdb/gp/cli/status.go:132.2,133.16 2 1
github.com/greenplum-db/gpdb/gp/cli/status.go:137.2,137.12 1 1
github.com/greenplum-db/gpdb/gp/cli/status.go:125.16,127.3 1 1
github.com/greenplum-db/gpdb/gp/cli/status.go:128.17,131.3 2 0
github.com/greenplum-db/gpdb/gp/cli/status.go:133.16,135.3 1 1
github.com/greenplum-db/gpdb/gp/cli/stop.go:19.31,30.2 5 0
github.com/greenplum-db/gpdb/gp/cli/stop.go:32.34,41.2 2 0
github.com/greenplum-db/gpdb/gp/cli/stop.go:43.58,45.16 2 1
github.com/greenplum-db/gpdb/gp/cli/stop.go:48.2,49.13 2 1
github.com/greenplum-db/gpdb/gp/cli/stop.go:52.2,52.12 1 1
github.com/greenplum-db/gpdb/gp/cli/stop.go:45.16,47.3 1 1
github.com/greenplum-db/gpdb/gp/cli/stop.go:49.13,51.3 1 1
github.com/greenplum-db/gpdb/gp/cli/stop.go:55.31,57.16 2 1
github.com/greenplum-db/gpdb/gp/cli/stop.go:60.2,62.16 2 1
github.com/greenplum-db/gpdb/gp/cli/stop.go:71.2,71.12 1 1
github.com/greenplum-db/gpdb/gp/cli/stop.go:57.16,59.3 1 1
github.com/greenplum-db/gpdb/gp/cli/stop.go:62.16,67.71 3 1
github.com/greenplum-db/gpdb/gp/cli/stop.go:67.71,69.4 1 1
github.com/greenplum-db/gpdb/gp/cli/stop.go:74.37,83.2 2 0
github.com/greenplum-db/gpdb/gp/cli/stop.go:85.61,87.16 2 1
github.com/greenplum-db/gpdb/gp/cli/stop.go:90.2,91.13 2 1
github.com/greenplum-db/gpdb/gp/cli/stop.go:94.2,94.12 1 1
github.com/greenplum-db/gpdb/gp/cli/stop.go:87.16,89.3 1 1
github.com/greenplum-db/gpdb/gp/cli/stop.go:91.13,93.3 1 1
github.com/greenplum-db/gpdb/gp/cli/stop.go:97.33,99.16 2 1
github.com/greenplum-db/gpdb/gp/cli/stop.go:103.2,104.16 2 1
github.com/greenplum-db/gpdb/gp/cli/stop.go:107.2,107.12 1 1
github.com/greenplum-db/gpdb/gp/cli/stop.go:99.16,101.3 1 1
github.com/greenplum-db/gpdb/gp/cli/stop.go:104.16,106.3 1 1
github.com/greenplum-db/gpdb/gp/cli/stop.go:110.39,119.2 2 0
github.com/greenplum-db/gpdb/gp/cli/stop.go:121.63,123.16 2 1
github.com/greenplum-db/gpdb/gp/cli/stop.go:126.2,128.16 3 1
github.com/greenplum-db/gpdb/gp/cli/stop.go:131.2,132.12 2 1
github.com/greenplum-db/gpdb/gp/cli/stop.go:123.16,125.3 1 1
github.com/greenplum-db/gpdb/gp/cli/stop.go:128.16,130.3 1 1
